<?xml version="1.0" encoding="UTF-8" standalone="yes"?>
<!DOCTYPE report PUBLIC "-//JACOCO//DTD Report 1.1//EN" "report.dtd">
<report name="Maven JaCoCo Report">
    <sessioninfo id="host1" start="1609459200000" dump="1609459260000"/>
    <sessioninfo id="host2" start="1609459300000" dump="1609459360000"/>
    
    <!-- Package 1: com.example.core -->
    <package name="com/example/core">
        <class name="com/example/core/Calculator" sourcefilename="Calculator.java">
            <method name="&lt;init&gt;" desc="()V" line="8">
                <counter type="INSTRUCTION" missed="0" covered="3"/>
                <counter type="LINE" missed="0" covered="1"/>
                <counter type="COMPLEXITY" missed="0" covered="1"/>
                <counter type="METHOD" missed="0" covered="1"/>
            </method>
            <method name="add" desc="(II)I" line="12">
                <counter type="INSTRUCTION" missed="0" covered="4"/>
                <counter type="BRANCH" missed="0" covered="0"/>
                <counter type="LINE" missed="0" covered="2"/>
                <counter type="COMPLEXITY" missed="0" covered="1"/>
                <counter type="METHOD" missed="0" covered="1"/>
            </method>
            <method name="subtract" desc="(II)I" line="18">
                <counter type="INSTRUCTION" missed="2" covered="2"/>
                <counter type="BRANCH" missed="1" covered="1"/>
                <counter type="LINE" missed="1" covered="1"/>
                <counter type="COMPLEXITY" missed="1" covered="1"/>
                <counter type="METHOD" missed="0" covered="1"/>
            </method>
            <method name="divide" desc="(II)I" line="25">
                <counter type="INSTRUCTION" missed="8" covered="0"/>
                <counter type="BRANCH" missed="2" covered="0"/>
                <counter type="LINE" missed="3" covered="0"/>
                <counter type="COMPLEXITY" missed="2" covered="0"/>
                <counter type="METHOD" missed="1" covered="0"/>
            </method>
            <counter type="INSTRUCTION" missed="10" covered="9"/>
            <counter type="BRANCH" missed="3" covered="1"/>
            <counter type="LINE" missed="4" covered="4"/>
            <counter type="COMPLEXITY" missed="3" covered="3"/>
            <counter type="METHOD" missed="1" covered="3"/>
            <counter type="CLASS" missed="0" covered="1"/>
        </class>
        
        <class name="com/example/core/MathUtils" sourcefilename="MathUtils.java">
            <method name="square" desc="(I)I" line="5">
                <counter type="INSTRUCTION" missed="0" covered="3"/>
                <counter type="LINE" missed="0" covered="1"/>
                <counter type="COMPLEXITY" missed="0" covered="1"/>
                <counter type="METHOD" missed="0" covered="1"/>
            </method>
            <method name="isPrime" desc="(I)Z" line="9">
                <counter type="INSTRUCTION" missed="15" covered="5"/>
                <counter type="BRANCH" missed="4" covered="2"/>
                <counter type="LINE" missed="3" covered="2"/>
                <counter type="COMPLEXITY" missed="2" covered="2"/>
                <counter type="METHOD" missed="0" covered="1"/>
            </method>
            <counter type="INSTRUCTION" missed="15" covered="8"/>
            <counter type="BRANCH" missed="4" covered="2"/>
            <counter type="LINE" missed="3" covered="3"/>
            <counter type="COMPLEXITY" missed="2" covered="3"/>
            <counter type="METHOD" missed="0" covered="2"/>
            <counter type="CLASS" missed="0" covered="1"/>
        </class>
        
        <sourcefile name="Calculator.java">
            <line nr="8" mi="0" ci="3" mb="0" cb="0"/>
            <line nr="12" mi="0" ci="2" mb="0" cb="0"/>
            <line nr="13" mi="0" ci="2" mb="0" cb="0"/>
            <line nr="18" mi="0" ci="1" mb="0" cb="1"/>
            <line nr="19" mi="1" ci="0" mb="1" cb="0"/>
            <line nr="25" mi="2" ci="0" mb="0" cb="0"/>
            <line nr="26" mi="3" ci="0" mb="1" cb="0"/>
            <line nr="27" mi="3" ci="0" mb="1" cb="0"/>
            <counter type="INSTRUCTION" missed="10" covered="9"/>
            <counter type="BRANCH" missed="3" covered="1"/>
            <counter type="LINE" missed="4" covered="4"/>
            <counter type="COMPLEXITY" missed="3" covered="3"/>
            <counter type="METHOD" missed="1" covered="3"/>
            <counter type="CLASS" missed="0" covered="1"/>
        </sourcefile>
        
        <sourcefile name="MathUtils.java">
            <line nr="5" mi="0" ci="3" mb="0" cb="0"/>
            <line nr="9" mi="0" ci="2" mb="0" cb="1"/>
            <line nr="10" mi="3" ci="0" mb="1" cb="0"/>
            <line nr="11" mi="5" ci="0" mb="1" cb="0"/>
            <line nr="15" mi="0" ci="3" mb="1" cb="1"/>
            <line nr="17" mi="7" ci="0" mb="1" cb="0"/>
            <counter type="INSTRUCTION" missed="15" covered="8"/>
            <counter type="BRANCH" missed="4" covered="2"/>
            <counter type="LINE" missed="3" covered="3"/>
            <counter type="COMPLEXITY" missed="2" covered="3"/>
            <counter type="METHOD" missed="0" covered="2"/>
            <counter type="CLASS" missed="0" covered="1"/>
        </sourcefile>
        
        <counter type="INSTRUCTION" missed="25" covered="17"/>
        <counter type="BRANCH" missed="7" covered="3"/>
        <counter type="LINE" missed="7" covered="7"/>
        <counter type="COMPLEXITY" missed="5" covered="6"/>
        <counter type="METHOD" missed="1" covered="5"/>
        <counter type="CLASS" missed="0" covered="2"/>
    </package>
    
    <!-- Package 2: com.example.util -->
    <package name="com/example/util">
        <class name="com/example/util/StringHelper" sourcefilename="StringHelper.java">
            <method name="reverse" desc="(Ljava/lang/String;)Ljava/lang/String;" line="8">
                <counter type="INSTRUCTION" missed="0" covered="12"/>
                <counter type="BRANCH" missed="0" covered="2"/>
                <counter type="LINE" missed="0" covered="3"/>
                <counter type="COMPLEXITY" missed="0" covered="2"/>
                <counter type="METHOD" missed="0" covered="1"/>
            </method>
            <method name="isEmpty" desc="(Ljava/lang/String;)Z" line="15">
                <counter type="INSTRUCTION" missed="0" covered="8"/>
                <counter type="BRANCH" missed="0" covered="4"/>
                <counter type="LINE" missed="0" covered="1"/>
                <counter type="COMPLEXITY" missed="0" covered="3"/>
                <counter type="METHOD" missed="0" covered="1"/>
            </method>
            <counter type="INSTRUCTION" missed="0" covered="20"/>
            <counter type="BRANCH" missed="0" covered="6"/>
            <counter type="LINE" missed="0" covered="4"/>
            <counter type="COMPLEXITY" missed="0" covered="5"/>
            <counter type="METHOD" missed="0" covered="2"/>
            <counter type="CLASS" missed="0" covered="1"/>
        </class>
        
        <sourcefile name="StringHelper.java">
            <line nr="8" mi="0" ci="3" mb="0" cb="1"/>
            <line nr="9" mi="0" ci="4" mb="1" cb="1"/>
            <line nr="11" mi="0" ci="5" mb="0" cb="0"/>
            <line nr="15" mi="0" ci="8" mb="0" cb="4"/>
            <counter type="INSTRUCTION" missed="0" covered="20"/>
            <counter type="BRANCH" missed="0" covered="6"/>
            <counter type="LINE" missed="0" covered="4"/>
            <counter type="COMPLEXITY" missed="0" covered="5"/>
            <counter type="METHOD" missed="0" covered="2"/>
            <counter type="CLASS" missed="0" covered="1"/>
        </sourcefile>
        
        <counter type="INSTRUCTION" missed="0" covered="20"/>
        <counter type="BRANCH" missed="0" covered="6"/>
        <counter type="LINE" missed="0" covered="4"/>
        <counter type="COMPLEXITY" missed="0" covered="5"/>
        <counter type="METHOD" missed="0" covered="2"/>
        <counter type="CLASS" missed="0" covered="1"/>
    </package>
    
    <!-- Project totals -->
    <counter type="INSTRUCTION" missed="25" covered="37"/>
    <counter type="BRANCH" missed="7" covered="9"/>
    <counter type="LINE" missed="7" covered="11"/>
    <counter type="COMPLEXITY" missed="5" covered="11"/>
    <counter type="METHOD" missed="1" covered="7"/>
    <counter type="CLASS" missed="0" covered="3"/>
</report>
