<?xml version="1.0" encoding="UTF-8" standalone="yes"?>
<!DOCTYPE report PUBLIC "-//JACOCO//DTD Report 1.1//EN" "report.dtd">
<report name="jacoco">
    <sessioninfo id="host1" start="1609459200000" dump="1609459260000"/>
    
    <package name="com/example">
        <sourcefile name="Example.java">
            <counter type="INSTRUCTION" missed="0" covered="0"/>
            <counter type="BRANCH" missed="0" covered="0"/>
            <counter type="LINE" missed="0" covered="0"/>
            <counter type="COMPLEXITY" missed="0" covered="0"/>
            <counter type="METHOD" missed="0" covered="0"/>
            <counter type="CLASS" missed="0" covered="0"/>
        </sourcefile>
        
        <counter type="INSTRUCTION" missed="0" covered="0"/>
        <counter type="BRANCH" missed="0" covered="0"/>
        <counter type="LINE" missed="0" covered="0"/>
        <counter type="COMPLEXITY" missed="0" covered="0"/>
        <counter type="METHOD" missed="0" covered="0"/>
        <counter type="CLASS" missed="0" covered="0"/>
    </package>
    
    <counter type="INSTRUCTION" missed="0" covered="0"/>
    <counter type="BRANCH" missed="0" covered="0"/>
    <counter type="LINE" missed="0" covered="0"/>
    <counter type="COMPLEXITY" missed="0" covered="0"/>
    <counter type="METHOD" missed="0" covered="0"/>
    <counter type="CLASS" missed="0" covered="0"/>
</report>
