<?xml version="1.0" encoding="UTF-8" standalone="yes"?>
<!DOCTYPE report PUBLIC "-//JACOCO//DTD Report 1.1//EN" "report.dtd">
<report name="jacoco">
    <sessioninfo id="host1" start="1609459200000" dump="1609459260000"/>
    <package name="com/example">
        <class name="com/example/Calculator" sourcefilename="Calculator.java">
            <method name="add" desc="(II)I" line="10">
                <counter type="INSTRUCTION" missed="0" covered="4"/>
                <counter type="BRANCH" missed="0" covered="0"/>
                <counter type="LINE" missed="0" covered="2"/>
                <counter type="COMPLEXITY" missed="0" covered="1"/>
                <counter type="METHOD" missed="0" covered="1"/>
            </method>
            <method name="subtract" desc="(II)I" line="15">
                <counter type="INSTRUCTION" missed="2" covered="2"/>
                <counter type="BRANCH" missed="1" covered="1"/>
                <counter type="LINE" missed="1" covered="1"/>
                <counter type="COMPLEXITY" missed="1" covered="1"/>
                <counter type="METHOD" missed="0" covered="1"/>
            </method>
            <counter type="INSTRUCTION" missed="2" covered="6"/>
            <counter type="BRANCH" missed="1" covered="1"/>
            <counter type="LINE" missed="1" covered="3"/>
            <counter type="COMPLEXITY" missed="1" covered="2"/>
            <counter type="METHOD" missed="0" covered="2"/>
            <counter type="CLASS" missed="0" covered="1"/>
        </class>
        <sourcefile name="Calculator.java">
            <line nr="10" mi="0" ci="2" mb="0" cb="0"/>
            <line nr="11" mi="0" ci="2" mb="0" cb="0"/>
            <line nr="15" mi="0" ci="1" mb="0" cb="1"/>
            <line nr="16" mi="1" ci="0" mb="1" cb="0"/>
            <line nr="17" mi="0" ci="1" mb="0" cb="0"/>
            <counter type="INSTRUCTION" missed="2" covered="6"/>
            <counter type="BRANCH" missed="1" covered="1"/>
            <counter type="LINE" missed="1" covered="3"/>
            <counter type="COMPLEXITY" missed="1" covered="2"/>
            <counter type="METHOD" missed="0" covered="2"/>
            <counter type="CLASS" missed="0" covered="1"/>
        </sourcefile>
        <counter type="INSTRUCTION" missed="2" covered="6"/>
        <counter type="BRANCH" missed="1" covered="1"/>
        <counter type="LINE" missed="1" covered="3"/>
        <counter type="COMPLEXITY" missed="1" covered="2"/>
        <counter type="METHOD" missed="0" covered="2"/>
        <counter type="CLASS" missed="0" covered="1"/>
    </package>
    <counter type="INSTRUCTION" missed="2" covered="6"/>
    <counter type="BRANCH" missed="1" covered="1"/>
    <counter type="LINE" missed="1" covered="3"/>
    <counter type="COMPLEXITY" missed="1" covered="2"/>
    <counter type="METHOD" missed="0" covered="2"/>
    <counter type="CLASS" missed="0" covered="1"/>
</report>
