<?xml version="1.0" encoding="UTF-8" standalone="yes"?>
<!DOCTYPE report PUBLIC "-//JACOCO//DTD Report 1.1//EN" "report.dtd">
<report name="jacoco-malformed">
    <sessioninfo id="test1" start="1609459200000" dump="1609459260000"/>
    
    <package name="com/example">
        <class name="com/example/BadClass" sourcefilename="BadClass.java">
            <!-- Missing method attributes -->
            <method>
                <counter type="INSTRUCTION" missed="not-a-number" covered="invalid"/>
                <counter type="LINE" missed="0" covered="1"/>
            </method>
            <!-- Invalid line numbers -->
            <counter type="INSTRUCTION" missed="abc" covered="def"/>
            <counter type="LINE" missed="-5" covered="xyz"/>
        </class>
        
        <sourcefile name="BadClass.java">
            <!-- Invalid line attributes -->
            <line nr="invalid" mi="not-a-number" ci="also-invalid" mb="bad" cb="worse"/>
            <line nr="5.5" mi="-10" ci="1000" mb="0" cb="1"/>
            <!-- Missing attributes -->
            <line/>
        </sourcefile>
    </package>
</report>
