<?xml version="1.0" encoding="UTF-8"?>
<coverage version="1.0" line-rate="0.75" branch-rate="0.5">
    <packages>
        <package name="src" line-rate="0.75" branch-rate="0.5">
            <classes>
                <class name="utils.js" filename="src/utils.js" line-rate="0.8" branch-rate="0.5">
                    <methods>
                        <method name="add" line-rate="1.0" branch-rate="1.0">
                            <lines>
                                <line number="1" hits="5"/>
                                <line number="2" hits="5"/>
                            </lines>
                        </method>
                        <method name="subtract" line-rate="0.5" branch-rate="0.0">
                            <lines>
                                <line number="5" hits="2"/>
                                <line number="6" hits="0"/>
                            </lines>
                        </method>
                    </methods>
                    <lines>
                        <line number="1" hits="5"/>
                        <line number="2" hits="5"/>
                        <line number="3" hits="3" branch="true" condition-coverage="50% (1/2)"/>
                        <line number="4" hits="0"/>
                        <line number="5" hits="2"/>
                        <line number="6" hits="0"/>
                    </lines>
                </class>
                <class name="helpers.js" filename="src/helpers.js" line-rate="0.66667" branch-rate="0.0">
                    <methods>
                        <method name="format" line-rate="0.66667" branch-rate="0.0">
                            <lines>
                                <line number="1" hits="10"/>
                                <line number="2" hits="0"/>
                                <line number="3" hits="8"/>
                            </lines>
                        </method>
                    </methods>
                    <lines>
                        <line number="1" hits="10"/>
                        <line number="2" hits="0"/>
                        <line number="3" hits="8"/>
                    </lines>
                </class>
            </classes>
        </package>
    </packages>
</coverage>
