<?xml version="1.0" encoding="UTF-8"?>
<coverage version="1.0" line-rate="0.66667" branch-rate="0.5">
    <packages>
        <package name="src" line-rate="0.66667" branch-rate="0.5">
            <classes>
                <class name="example1.js" filename="src/example1.js" line-rate="0.66667" branch-rate="1.0">
                    <lines>
                        <line number="1" hits="1"/>
                        <line number="2" hits="0"/>
                        <line number="3" hits="1"/>
                    </lines>
                </class>
                <class name="example2.js" filename="src/example2.js" line-rate="0.66667" branch-rate="0.5">
                    <lines>
                        <line number="1" hits="1"/>
                        <line number="2" hits="1"/>
                        <line number="3" hits="0"/>
                    </lines>
                </class>
            </classes>
        </package>
    </packages>
</coverage>