<?xml version="1.0" encoding="UTF-8"?>
<coverage version="1.0" line-rate="0.8" branch-rate="0.7">
    <packages>
        <package name="malicious" line-rate="0.8" branch-rate="0.7">
            <classes>
                <class name="Evil" filename="../../../etc/passwd" line-rate="0.8" branch-rate="0.7">
                    <lines>
                        <line number="1" hits="1" branch="false"/>
                    </lines>
                </class>
                <class name="Normal" filename="src/normal.js" line-rate="1.0" branch-rate="1.0">
                    <lines>
                        <line number="1" hits="5" branch="false"/>
                        <line number="2" hits="3" branch="false"/>
                    </lines>
                </class>
            </classes>
        </package>
    </packages>
</coverage>
