SF:src/calculator.js
FN:1,add
FN:10,subtract
FN:20,multiply
FN:30,divide
FNDA:15,add
FNDA:10,subtract
FNDA:5,multiply
FNDA:0,divide
FNF:4
FNH:3
DA:1,15
DA:2,15
DA:3,15
DA:10,10
DA:11,10
DA:12,10
DA:20,5
DA:21,5
DA:30,0
DA:31,0
DA:32,0
LF:11
LH:8
BRDA:2,0,0,10
BRDA:2,0,1,5
BRDA:11,0,0,8
BRDA:11,0,1,2
BRDA:21,0,0,3
BRDA:21,0,1,2
BRDA:31,0,0,0
BRDA:31,0,1,0
BRF:8
BRH:6
end_of_record
SF:src/utils.js
FN:5,formatNumber
FN:15,validateInput
FNDA:20,formatNumber
FNDA:15,validateInput
FNF:2
FNH:2
DA:5,20
DA:6,20
DA:7,18
DA:8,2
DA:15,15
DA:16,15
DA:17,10
DA:18,5
LF:8
LH:8
BRDA:7,0,0,18
BRDA:7,0,1,2
BRDA:17,0,0,10
BRDA:17,0,1,5
BRF:4
BRH:4
end_of_record
SF:tests/calculator.test.js
FN:1,testAdd
FN:10,testSubtract
FN:20,testMultiply
FNDA:1,testAdd
FNDA:1,testSubtract
FNDA:1,testMultiply
FNF:3
FNH:3
DA:1,1
DA:2,1
DA:3,1
DA:4,1
DA:10,1
DA:11,1
DA:12,1
DA:20,1
DA:21,1
DA:22,1
LF:10
LH:10
end_of_record
