SF:src/complex.js
FN:1,complexFunction
FN:50,anotherFunction
FN:100,utilityFunction
FNDA:100,complexFunction
FNDA:50,anotherFunction
FNDA:25,utilityFunction
FNF:3
FNH:3
DA:1,100
DA:2,100
DA:3,90
DA:4,10
DA:5,90
DA:6,80
DA:7,10
DA:8,70
DA:9,20
DA:10,50
DA:50,50
DA:51,50
DA:52,40
DA:53,10
DA:54,30
DA:55,20
DA:100,25
DA:101,25
DA:102,20
DA:103,5
DA:104,15
DA:105,10
LF:22
LH:22
BRDA:3,0,0,90
BRDA:3,0,1,10
BRDA:5,0,0,80
BRDA:5,0,1,10
BRDA:6,1,0,70
BRDA:6,1,1,10
BRDA:8,0,0,50
BRDA:8,0,1,20
BRDA:52,0,0,40
BRDA:52,0,1,10
BRDA:54,0,0,20
BRDA:54,0,1,10
BRDA:102,0,0,15
BRDA:102,0,1,5
BRDA:104,0,0,10
BRDA:104,0,1,5
BRF:16
BRH:16
end_of_record
SF:src/edge-cases.js
FN:999999,largeLineFunction
FN:1000000,anotherLargeFunction
FNDA:1,largeLineFunction
FNDA:0,anotherLargeFunction
FNF:2
FNH:1
DA:999999,1
DA:1000000,0
DA:1000001,1
LF:3
LH:2
BRDA:999999,0,0,1
BRDA:999999,0,1,0
BRDA:1000000,0,0,0
BRDA:1000000,0,1,0
BRF:4
BRH:1
end_of_record
